<?xml version="1.0" encoding="UTF-8"?>
<coverage generated="1699702933327" clover="3.2.0">
  <project timestamp="1699702933327" name="All files">
    <metrics statements="25" coveredstatements="6" conditionals="2" coveredconditionals="0" methods="6" coveredmethods="1" elements="33" coveredelements="7" complexity="0" loc="25" ncloc="25" packages="2" files="2" classes="2"/>
    <package name="assets">
      <metrics statements="1" coveredstatements="1" conditionals="0" coveredconditionals="0" methods="0" coveredmethods="0"/>
      <file name="app-logo.svg" path="C:\otcroz\narsha\front-end\narsha_front\src\assets\app-logo.svg">
        <metrics statements="1" coveredstatements="1" conditionals="0" coveredconditionals="0" methods="0" coveredmethods="0"/>
        <line num="1" count="1" type="stmt"/>
      </file>
    </package>
    <package name="pages.signup.login">
      <metrics statements="24" coveredstatements="5" conditionals="2" coveredconditionals="0" methods="6" coveredmethods="1"/>
      <file name="LoginPage.tsx" path="C:\otcroz\narsha\front-end\narsha_front\src\pages\signup\login\LoginPage.tsx">
        <metrics statements="24" coveredstatements="5" conditionals="2" coveredconditionals="0" methods="6" coveredmethods="1"/>
        <line num="18" count="1" type="stmt"/>
        <line num="19" count="1" type="stmt"/>
        <line num="20" count="1" type="stmt"/>
        <line num="21" count="1" type="stmt"/>
        <line num="24" count="0" type="stmt"/>
        <line num="25" count="0" type="stmt"/>
        <line num="36" count="0" type="stmt"/>
        <line num="37" count="0" type="stmt"/>
        <line num="40" count="0" type="stmt"/>
        <line num="41" count="0" type="stmt"/>
        <line num="42" count="0" type="stmt"/>
        <line num="44" count="0" type="cond" truecount="0" falsecount="2"/>
        <line num="46" count="0" type="stmt"/>
        <line num="47" count="0" type="stmt"/>
        <line num="52" count="0" type="stmt"/>
        <line num="56" count="0" type="stmt"/>
        <line num="57" count="0" type="stmt"/>
        <line num="60" count="0" type="stmt"/>
        <line num="61" count="0" type="stmt"/>
        <line num="65" count="0" type="stmt"/>
        <line num="80" count="0" type="stmt"/>
        <line num="90" count="0" type="stmt"/>
        <line num="100" count="0" type="stmt"/>
        <line num="114" count="1" type="stmt"/>
      </file>
    </package>
  </project>
</coverage>
