{"C:\\otcroz\\narsha\\front-end\\narsha_front\\test\\TestLoginPage.tsx": {"path":"C:\\otcroz\\narsha\\front-end\\narsha_front\\test\\TestLoginPage.tsx","statementMap":{"0":{"start":{"line":12,"column":18},"end":{"line":67,"column":1}},"1":{"start":{"line":13,"column":30},"end":{"line":13,"column":42}},"2":{"start":{"line":14,"column":34},"end":{"line":14,"column":46}},"3":{"start":{"line":16,"column":22},"end":{"line":24,"column":3}},"4":{"start":{"line":17,"column":4},"end":{"line":23,"column":5}},"5":{"start":{"line":18,"column":6},"end":{"line":18,"column":34}},"6":{"start":{"line":19,"column":6},"end":{"line":19,"column":13}},"7":{"start":{"line":20,"column":11},"end":{"line":23,"column":5}},"8":{"start":{"line":21,"column":6},"end":{"line":21,"column":35}},"9":{"start":{"line":22,"column":6},"end":{"line":22,"column":13}},"10":{"start":{"line":26,"column":2},"end":{"line":66,"column":4}},"11":{"start":{"line":39,"column":16},"end":{"line":39,"column":31}},"12":{"start":{"line":49,"column":16},"end":{"line":49,"column":33}},"13":{"start":{"line":69,"column":15},"end":{"line":132,"column":2}}},"fnMap":{"0":{"name":"(anonymous_0)","decl":{"start":{"line":12,"column":18},"end":{"line":12,"column":19}},"loc":{"start":{"line":12,"column":24},"end":{"line":67,"column":1}},"line":12},"1":{"name":"(anonymous_1)","decl":{"start":{"line":16,"column":22},"end":{"line":16,"column":23}},"loc":{"start":{"line":16,"column":34},"end":{"line":24,"column":3}},"line":16},"2":{"name":"(anonymous_2)","decl":{"start":{"line":38,"column":28},"end":{"line":38,"column":29}},"loc":{"start":{"line":39,"column":16},"end":{"line":39,"column":31}},"line":39},"3":{"name":"(anonymous_3)","decl":{"start":{"line":48,"column":28},"end":{"line":48,"column":29}},"loc":{"start":{"line":49,"column":16},"end":{"line":49,"column":33}},"line":49}},"branchMap":{"0":{"loc":{"start":{"line":17,"column":4},"end":{"line":23,"column":5}},"type":"if","locations":[{"start":{"line":17,"column":4},"end":{"line":23,"column":5}},{"start":{"line":20,"column":11},"end":{"line":23,"column":5}}],"line":17},"1":{"loc":{"start":{"line":20,"column":11},"end":{"line":23,"column":5}},"type":"if","locations":[{"start":{"line":20,"column":11},"end":{"line":23,"column":5}},{"start":{},"end":{}}],"line":20}},"s":{"0":1,"1":4,"2":4,"3":4,"4":2,"5":1,"6":1,"7":1,"8":1,"9":1,"10":4,"11":2,"12":1,"13":1},"f":{"0":4,"1":2,"2":2,"3":1},"b":{"0":[1,1],"1":[1,0]},"_coverageSchema":"1a1c01bbd47fc00a2c39e90264f33305004495a9","hash":"e892b8935d8be22246724fc4c3c12044a9191062"}
}
