{"C:\\otcroz\\narsha\\front-end\\narsha_front\\src\\assets\\app-logo.svg": {"path":"C:\\otcroz\\narsha\\front-end\\narsha_front\\src\\assets\\app-logo.svg","statementMap":{"0":{"start":{"line":1,"column":0},"end":{"line":4,"column":6}}},"fnMap":{},"branchMap":{},"s":{"0":1},"f":{},"b":{},"_coverageSchema":"1a1c01bbd47fc00a2c39e90264f33305004495a9","hash":"2b7ed44623e527a642d12e8a580c17194d9b1a75"}
,"C:\\otcroz\\narsha\\front-end\\narsha_front\\src\\pages\\signup\\login\\LoginPage.tsx": {"path":"C:\\otcroz\\narsha\\front-end\\narsha_front\\src\\pages\\signup\\login\\LoginPage.tsx","statementMap":{"0":{"start":{"line":18,"column":18},"end":{"line":112,"column":1}},"1":{"start":{"line":19,"column":30},"end":{"line":19,"column":42}},"2":{"start":{"line":20,"column":34},"end":{"line":20,"column":46}},"3":{"start":{"line":21,"column":22},"end":{"line":21,"column":38}},"4":{"start":{"line":24,"column":24},"end":{"line":38,"column":4}},"5":{"start":{"line":25,"column":21},"end":{"line":34,"column":6}},"6":{"start":{"line":36,"column":17},"end":{"line":36,"column":38}},"7":{"start":{"line":37,"column":4},"end":{"line":37,"column":16}},"8":{"start":{"line":40,"column":22},"end":{"line":63,"column":3}},"9":{"start":{"line":41,"column":4},"end":{"line":62,"column":5}},"10":{"start":{"line":42,"column":19},"end":{"line":42,"column":52}},"11":{"start":{"line":44,"column":6},"end":{"line":58,"column":7}},"12":{"start":{"line":46,"column":8},"end":{"line":46,"column":55}},"13":{"start":{"line":47,"column":8},"end":{"line":51,"column":11}},"14":{"start":{"line":52,"column":8},"end":{"line":54,"column":11}},"15":{"start":{"line":56,"column":8},"end":{"line":56,"column":34}},"16":{"start":{"line":57,"column":8},"end":{"line":57,"column":44}},"17":{"start":{"line":60,"column":6},"end":{"line":60,"column":25}},"18":{"start":{"line":61,"column":6},"end":{"line":61,"column":45}},"19":{"start":{"line":65,"column":2},"end":{"line":111,"column":4}},"20":{"start":{"line":80,"column":18},"end":{"line":80,"column":33}},"21":{"start":{"line":90,"column":18},"end":{"line":90,"column":35}},"22":{"start":{"line":100,"column":16},"end":{"line":100,"column":48}},"23":{"start":{"line":114,"column":15},"end":{"line":177,"column":2}}},"fnMap":{"0":{"name":"(anonymous_0)","decl":{"start":{"line":18,"column":18},"end":{"line":18,"column":19}},"loc":{"start":{"line":18,"column":36},"end":{"line":112,"column":1}},"line":18},"1":{"name":"(anonymous_1)","decl":{"start":{"line":24,"column":36},"end":{"line":24,"column":37}},"loc":{"start":{"line":24,"column":48},"end":{"line":38,"column":3}},"line":24},"2":{"name":"(anonymous_2)","decl":{"start":{"line":40,"column":22},"end":{"line":40,"column":23}},"loc":{"start":{"line":40,"column":34},"end":{"line":63,"column":3}},"line":40},"3":{"name":"(anonymous_3)","decl":{"start":{"line":79,"column":30},"end":{"line":79,"column":31}},"loc":{"start":{"line":80,"column":18},"end":{"line":80,"column":33}},"line":80},"4":{"name":"(anonymous_4)","decl":{"start":{"line":89,"column":30},"end":{"line":89,"column":31}},"loc":{"start":{"line":90,"column":18},"end":{"line":90,"column":35}},"line":90},"5":{"name":"(anonymous_5)","decl":{"start":{"line":99,"column":23},"end":{"line":99,"column":24}},"loc":{"start":{"line":99,"column":29},"end":{"line":101,"column":15}},"line":99}},"branchMap":{"0":{"loc":{"start":{"line":44,"column":6},"end":{"line":58,"column":7}},"type":"if","locations":[{"start":{"line":44,"column":6},"end":{"line":58,"column":7}},{"start":{"line":55,"column":13},"end":{"line":58,"column":7}}],"line":44}},"s":{"0":1,"1":1,"2":1,"3":1,"4":0,"5":0,"6":0,"7":0,"8":0,"9":0,"10":0,"11":0,"12":0,"13":0,"14":0,"15":0,"16":0,"17":0,"18":0,"19":0,"20":0,"21":0,"22":0,"23":1},"f":{"0":1,"1":0,"2":0,"3":0,"4":0,"5":0},"b":{"0":[0,0]},"_coverageSchema":"1a1c01bbd47fc00a2c39e90264f33305004495a9","hash":"659049a714086a48f9aee4b56940b653eb6f992b"}
}
